TIME                 UUID                                 SUNW-MSG-ID EVENT
Jun 07 2016 11:23:52 5e784445-204e-4469-9332-81601c61d25b SMF-8000-YX Diagnosed 
Jun 07 2016 11:23:52 5e784445-204e-4469-9332-81601c61d25b FMD-8000-9L Isolated 
Jun 07 2016 11:24:21 5e784445-204e-4469-9332-81601c61d25b FMD-8000-4M Repaired 
Jun 07 2016 11:24:21 5e784445-204e-4469-9332-81601c61d25b FMD-8000-6U Resolved 
Jun 07 2016 11:30:47 6214c2a3-f125-4448-8845-d6c3de947da9 SMF-8000-YX Diagnosed 
Jun 07 2016 11:30:47 6214c2a3-f125-4448-8845-d6c3de947da9 FMD-8000-9L Isolated 
Jun 07 2016 11:45:34 6214c2a3-f125-4448-8845-d6c3de947da9 FMD-8000-4M Repaired 
Jun 07 2016 11:45:34 6214c2a3-f125-4448-8845-d6c3de947da9 FMD-8000-6U Resolved 
Jun 07 2016 11:52:32 e32d3f25-6c9f-48ad-bc82-9405ccae6e0c SMF-8000-YX Diagnosed 
Jun 07 2016 11:52:32 e32d3f25-6c9f-48ad-bc82-9405ccae6e0c FMD-8000-9L Isolated 
Jun 07 2016 11:52:32 e32d3f25-6c9f-48ad-bc82-9405ccae6e0c FMD-8000-4M Repaired 
Jun 07 2016 11:52:32 e32d3f25-6c9f-48ad-bc82-9405ccae6e0c FMD-8000-6U Resolved 
Jun 08 2016 10:07:09 a999f265-b7c3-4dd4-b0b8-8cdbf339547a SMF-8000-YX Diagnosed 
Jun 08 2016 10:07:09 a999f265-b7c3-4dd4-b0b8-8cdbf339547a FMD-8000-9L Isolated 
Jun 08 2016 10:14:46 a999f265-b7c3-4dd4-b0b8-8cdbf339547a FMD-8000-4M Repaired 
Jun 08 2016 10:14:46 a999f265-b7c3-4dd4-b0b8-8cdbf339547a FMD-8000-6U Resolved 
Jun 13 2016 15:07:21 782c9c43-8d82-49b9-9872-ad7fac3b7fc6 SMF-8000-YX Diagnosed 
Jun 13 2016 15:07:21 782c9c43-8d82-49b9-9872-ad7fac3b7fc6 FMD-8000-9L Isolated 
Jun 13 2016 15:12:29 782c9c43-8d82-49b9-9872-ad7fac3b7fc6 FMD-8000-4M Repaired 
Jun 13 2016 15:12:29 782c9c43-8d82-49b9-9872-ad7fac3b7fc6 FMD-8000-6U Resolved 
Jun 15 2016 16:01:09 1313d56d-aee3-427c-93c6-ada72398097e ZFS-8000-QJ Diagnosed 
Jun 15 2016 16:08:40 1313d56d-aee3-427c-93c6-ada72398097e FMD-8000-4M Repaired 
Jun 15 2016 16:08:40 1313d56d-aee3-427c-93c6-ada72398097e FMD-8000-6U Resolved 
Jul 22 2016 15:03:49 e0b414eb-cab1-4d43-9b20-dde6e1fa2e99 SMF-8000-YX Diagnosed 
Jul 22 2016 15:03:49 e0b414eb-cab1-4d43-9b20-dde6e1fa2e99 FMD-8000-9L Isolated 
Jul 22 2016 15:10:41 e0b414eb-cab1-4d43-9b20-dde6e1fa2e99 FMD-8000-4M Repaired 
Jul 22 2016 15:10:41 e0b414eb-cab1-4d43-9b20-dde6e1fa2e99 FMD-8000-6U Resolved 
Jul 25 2016 09:50:56 d444a994-02ec-4a9b-a561-ff66141a3fbf SMF-8000-YX Diagnosed 
Jul 25 2016 09:50:56 d444a994-02ec-4a9b-a561-ff66141a3fbf FMD-8000-9L Isolated 
Jul 25 2016 09:52:47 d444a994-02ec-4a9b-a561-ff66141a3fbf FMD-8000-4M Repaired 
Jul 25 2016 09:52:47 d444a994-02ec-4a9b-a561-ff66141a3fbf FMD-8000-6U Resolved 
Jul 25 2016 10:03:44 f1420ea9-a762-43bc-8071-ec7ee38c57fb SMF-8000-YX Diagnosed 
Jul 25 2016 10:03:44 f1420ea9-a762-43bc-8071-ec7ee38c57fb FMD-8000-9L Isolated 
Jul 25 2016 10:10:47 f1420ea9-a762-43bc-8071-ec7ee38c57fb FMD-8000-4M Repaired 
Jul 25 2016 10:10:47 f1420ea9-a762-43bc-8071-ec7ee38c57fb FMD-8000-6U Resolved 
Apr 05 2017 15:09:29 f1420ea9-a762-43bc-8071-ec7ee38c57fb FMD-8000-4M Repaired 
Apr 05 2017 15:09:29 f1420ea9-a762-43bc-8071-ec7ee38c57fb FMD-8000-6U Resolved 
Apr 05 2017 15:09:29 f1420ea9-a762-43bc-8071-ec7ee38c57fb FMD-8000-6U Resolved 
Aug 28 2017 13:57:53 3859ec40-d31e-4c10-875b-d49722293ee4 SMF-8000-YX Diagnosed 
Aug 28 2017 13:57:53 3859ec40-d31e-4c10-875b-d49722293ee4 FMD-8000-9L Isolated 
Aug 28 2017 14:36:22 3859ec40-d31e-4c10-875b-d49722293ee4 FMD-8000-4M Repaired 
Aug 28 2017 14:36:22 3859ec40-d31e-4c10-875b-d49722293ee4 FMD-8000-6U Resolved 
Sep 05 2018 13:24:48 325e8a19-358f-4033-b1ce-b480cee0faba SMF-8000-YX Diagnosed 
Sep 05 2018 13:24:48 325e8a19-358f-4033-b1ce-b480cee0faba FMD-8000-4M Repaired 
Sep 05 2018 13:24:48 325e8a19-358f-4033-b1ce-b480cee0faba FMD-8000-6U Resolved 
Aug 14 2019 18:06:46 dc31a8ef-f42c-4d69-be48-b9198f2de352 SMF-8000-YX Diagnosed 
Aug 14 2019 18:06:46 dc31a8ef-f42c-4d69-be48-b9198f2de352 FMD-8000-9L Isolated 
Aug 14 2019 18:06:46 12a2090f-9c40-42b7-84eb-f68061e130aa SMF-8000-YX Diagnosed 
Aug 14 2019 18:06:46 12a2090f-9c40-42b7-84eb-f68061e130aa FMD-8000-9L Isolated 
Aug 14 2019 18:06:47 25383c4c-404b-4829-a756-8a744eced97e SMF-8000-YX Diagnosed 
Aug 14 2019 18:06:47 25383c4c-404b-4829-a756-8a744eced97e FMD-8000-9L Isolated 
Aug 14 2019 18:08:46 25383c4c-404b-4829-a756-8a744eced97e FMD-8000-4M Repaired 
Aug 14 2019 18:08:46 25383c4c-404b-4829-a756-8a744eced97e FMD-8000-6U Resolved 
Aug 14 2019 18:08:46 12a2090f-9c40-42b7-84eb-f68061e130aa FMD-8000-4M Repaired 
Aug 14 2019 18:08:46 12a2090f-9c40-42b7-84eb-f68061e130aa FMD-8000-6U Resolved 
Aug 14 2019 18:08:46 dc31a8ef-f42c-4d69-be48-b9198f2de352 FMD-8000-4M Repaired 
Aug 14 2019 18:08:46 dc31a8ef-f42c-4d69-be48-b9198f2de352 FMD-8000-6U Resolved 
Oct 02 2019 11:53:24 5d49152c-4e1f-43d1-85a8-9ddc5af3d990 SUNOS-8000-KL Diagnosed 
Oct 02 2019 16:36:01 5d49152c-4e1f-43d1-85a8-9ddc5af3d990 FMD-8000-4M Repaired 
Oct 02 2019 16:36:01 5d49152c-4e1f-43d1-85a8-9ddc5af3d990 FMD-8000-6U Resolved 
Aug 23 2020 09:02:17 4f651bbf-0853-40eb-a2b8-fad787c5ca3d SUNOS-8000-KL Diagnosed 
Dec 13 2020 22:23:55 13eb2ad9-8ce3-4132-a6fe-cc03a52427a2 COREDIAG-8000-1V Diagnosed 
Dec 14 2020 04:25:02 d48058cc-3810-42d1-8d8e-b18129efdf12 COREDIAG-8000-1V Diagnosed 
Dec 14 2020 10:33:19 88131316-0a99-47bf-b587-a05abcfa4b85 COREDIAG-8000-1V Diagnosed 
Dec 14 2020 10:40:42 b8c6493f-5474-41a5-b27e-e499e620d947 COREDIAG-8000-1V Diagnosed 
Dec 15 2020 01:16:08 d1cf3859-f9b6-4303-b1f2-867edae14383 COREDIAG-8000-1V Diagnosed 
Dec 21 2020 18:31:33 c732b2dc-86a7-4a66-ba07-c70d74f3c231 COREDIAG-8000-1V Diagnosed 
Dec 22 2020 08:53:40 c732b2dc-86a7-4a66-ba07-c70d74f3c231 FMD-8000-4M Repaired 
Dec 22 2020 08:53:40 c732b2dc-86a7-4a66-ba07-c70d74f3c231 FMD-8000-6U Resolved 
Dec 22 2020 08:53:51 d1cf3859-f9b6-4303-b1f2-867edae14383 FMD-8000-4M Repaired 
Dec 22 2020 08:53:51 d1cf3859-f9b6-4303-b1f2-867edae14383 FMD-8000-6U Resolved 
Dec 22 2020 08:53:57 4f651bbf-0853-40eb-a2b8-fad787c5ca3d FMD-8000-4M Repaired 
Dec 22 2020 08:53:57 4f651bbf-0853-40eb-a2b8-fad787c5ca3d FMD-8000-6U Resolved 
Dec 22 2020 08:54:08 b8c6493f-5474-41a5-b27e-e499e620d947 FMD-8000-4M Repaired 
Dec 22 2020 08:54:08 b8c6493f-5474-41a5-b27e-e499e620d947 FMD-8000-6U Resolved 
Dec 22 2020 08:54:23 13eb2ad9-8ce3-4132-a6fe-cc03a52427a2 FMD-8000-4M Repaired 
Dec 22 2020 08:54:23 13eb2ad9-8ce3-4132-a6fe-cc03a52427a2 FMD-8000-6U Resolved 
Dec 22 2020 08:54:33 88131316-0a99-47bf-b587-a05abcfa4b85 FMD-8000-4M Repaired 
Dec 22 2020 08:54:33 88131316-0a99-47bf-b587-a05abcfa4b85 FMD-8000-6U Resolved 
Dec 22 2020 08:54:44 d48058cc-3810-42d1-8d8e-b18129efdf12 FMD-8000-4M Repaired 
Dec 22 2020 08:54:44 d48058cc-3810-42d1-8d8e-b18129efdf12 FMD-8000-6U Resolved 
Jan 06 2021 11:55:22 1e0e0d3b-738b-4630-84c4-e2ee5d5a67d8 COREDIAG-8000-1V Diagnosed 
Jan 07 2021 01:19:11 45b1a5e4-0459-4dcc-a090-f2c791597cda COREDIAG-8000-1V Diagnosed 
Jan 07 2021 01:23:21 700f2455-ccb3-4dbb-8e1e-e40aeccaa977 COREDIAG-8000-1V Diagnosed 
Jan 07 2021 07:50:36 1e0e0d3b-738b-4630-84c4-e2ee5d5a67d8 FMD-8000-4M Repaired 
Jan 07 2021 07:50:37 1e0e0d3b-738b-4630-84c4-e2ee5d5a67d8 FMD-8000-6U Resolved 
Jan 07 2021 07:50:56 45b1a5e4-0459-4dcc-a090-f2c791597cda FMD-8000-4M Repaired 
Jan 07 2021 07:50:56 45b1a5e4-0459-4dcc-a090-f2c791597cda FMD-8000-6U Resolved 
Jan 07 2021 07:51:04 700f2455-ccb3-4dbb-8e1e-e40aeccaa977 FMD-8000-4M Repaired 
Jan 07 2021 07:51:04 700f2455-ccb3-4dbb-8e1e-e40aeccaa977 FMD-8000-6U Resolved 
Jan 10 2021 01:08:27 41c1d964-ff9e-4a11-adfd-bfcf3e7b62e0 COREDIAG-8000-1V Diagnosed 
Jan 11 2021 17:10:40 634f417a-d00e-4cf1-b60f-d31f2d2befe6 SMF-8000-YX Diagnosed 
Jan 11 2021 17:10:41 634f417a-d00e-4cf1-b60f-d31f2d2befe6 FMD-8000-9L Isolated 
Feb 18 2021 09:08:10 db4a5765-716e-4011-ad0c-979f0e9ac4a7 SMF-8000-YX Diagnosed 
Feb 18 2021 09:09:53 db4a5765-716e-4011-ad0c-979f0e9ac4a7 FMD-8000-4M Repaired 
Feb 18 2021 09:09:53 db4a5765-716e-4011-ad0c-979f0e9ac4a7 FMD-8000-6U Resolved 
Mar 02 2021 13:52:15 634f417a-d00e-4cf1-b60f-d31f2d2befe6 FMD-8000-4M Repaired 
Mar 02 2021 13:52:15 634f417a-d00e-4cf1-b60f-d31f2d2befe6 FMD-8000-6U Resolved 
Jul 28 13:26:08.6706 32aaf6be-9c61-4209-88ab-ed7652967c0f NET-8000-39 Diagnosed 
Jul 28 13:26:09.4280 b224b99f-c252-43cf-8de7-f8c5a65538de NET-8000-39 Diagnosed 
Jul 28 13:26:45.8985 32aaf6be-9c61-4209-88ab-ed7652967c0f FMD-8000-4M Repaired 
Jul 28 13:26:45.9371 32aaf6be-9c61-4209-88ab-ed7652967c0f FMD-8000-6U Resolved 
Jul 28 13:26:46.1536 2a076fe3-4a9a-4fce-be4a-8339d87e0fd8 NET-8000-2N Diagnosed 
Jul 28 13:26:46.2634 b224b99f-c252-43cf-8de7-f8c5a65538de FMD-8000-4M Repaired 
Jul 28 13:26:46.3058 b224b99f-c252-43cf-8de7-f8c5a65538de FMD-8000-6U Resolved 
Jul 28 13:26:46.5198 3d883cfa-fc85-4d99-a322-bd42a36b846c NET-8000-2N Diagnosed 
Jul 28 13:36:46.8533 2a076fe3-4a9a-4fce-be4a-8339d87e0fd8 FMD-8000-4M Repaired 
Jul 28 13:36:46.9318 2a076fe3-4a9a-4fce-be4a-8339d87e0fd8 FMD-8000-6U Resolved 
Jul 28 13:36:46.9684 3d883cfa-fc85-4d99-a322-bd42a36b846c FMD-8000-4M Repaired 
Jul 28 13:36:46.9749 3d883cfa-fc85-4d99-a322-bd42a36b846c FMD-8000-6U Resolved 
Aug 14 01:09:08.5053 6a6586bc-7ef2-4a44-9311-8bac900cec2b COREDIAG-8000-1V Diagnosed 
Aug 17 15:50:00.6409 37896603-3854-469c-a8f2-a35b8fe7452b NET-8000-39 Diagnosed 
Aug 17 15:50:05.5287 4117d169-4bd8-46fc-99b4-9972ee3e162c NET-8000-39 Diagnosed 
Aug 17 15:50:59.2364 37896603-3854-469c-a8f2-a35b8fe7452b FMD-8000-4M Repaired 
Aug 17 15:50:59.7570 37896603-3854-469c-a8f2-a35b8fe7452b FMD-8000-6U Resolved 
Aug 17 15:51:00.3364 9e51534e-d415-4fc1-8b88-883c8d921823 NET-8000-2N Diagnosed 
Aug 17 15:51:00.5998 4117d169-4bd8-46fc-99b4-9972ee3e162c FMD-8000-4M Repaired 
Aug 17 15:51:00.8039 4117d169-4bd8-46fc-99b4-9972ee3e162c FMD-8000-6U Resolved 
Aug 17 15:51:01.2241 af71498d-0f54-4527-8d01-fafa43cd7f5b NET-8000-2N Diagnosed 
Aug 17 16:01:00.5122 9e51534e-d415-4fc1-8b88-883c8d921823 FMD-8000-4M Repaired 
Aug 17 16:01:00.5681 9e51534e-d415-4fc1-8b88-883c8d921823 FMD-8000-6U Resolved 
Aug 17 16:01:01.5957 af71498d-0f54-4527-8d01-fafa43cd7f5b FMD-8000-4M Repaired 
Aug 17 16:01:01.6968 af71498d-0f54-4527-8d01-fafa43cd7f5b FMD-8000-6U Resolved 
Aug 17 16:32:59.7579 f2a35286-2a98-4596-9698-e2414f481510 NET-8000-39 Diagnosed 
Aug 17 16:33:00.8720 c6303565-4568-46bf-b560-88b9cd9c1f1b NET-8000-39 Diagnosed 
Aug 17 16:33:22.5183 ebd1cd26-d0aa-4308-9cf4-9e311bda24d2 NET-8000-39 Diagnosed 
Aug 17 16:33:23.7860 789b1fa9-fc09-41bb-80eb-ad27cab54322 NET-8000-39 Diagnosed 
Aug 17 16:33:25.1281 06d3e357-a551-406f-8187-ecd2aa5666e6 NET-8000-39 Diagnosed 
Aug 17 16:34:19.1808 fa91ec68-80b4-4e95-807f-f49860d9809e SMF-8000-YX Diagnosed 
Aug 17 16:34:19.3993 fa91ec68-80b4-4e95-807f-f49860d9809e FMD-8000-9L Isolated 
Aug 17 16:43:04.9809 fa91ec68-80b4-4e95-807f-f49860d9809e FMD-8000-4M Repaired 
Aug 17 16:43:05.0603 fa91ec68-80b4-4e95-807f-f49860d9809e FMD-8000-6U Resolved 
Aug 17 16:43:13.3707 a5249389-b9e8-4b6d-a3d4-de199e2314b3 SUNOS-8000-KL Diagnosed 
Aug 17 16:45:37.9501 75af6a4d-dd6a-4f4d-94ee-8555dd77b040 SAVECORE-8000-1M Diagnosed 
Aug 17 16:46:37.5357 75af6a4d-dd6a-4f4d-94ee-8555dd77b040 FMD-8000-4M Repaired 
Aug 17 16:46:37.6269 75af6a4d-dd6a-4f4d-94ee-8555dd77b040 FMD-8000-6U Resolved 
Sep 12 09:15:31.7324 3e2eaca9-07f1-4b94-840c-dbaaa7d6f430 SUNOS-8000-KL Diagnosed 
Sep 12 09:16:40.9144 d10dcaac-808c-43e7-b3bc-ecf599564b96 SAVECORE-8000-1M Diagnosed 
Sep 12 09:17:39.3470 d10dcaac-808c-43e7-b3bc-ecf599564b96 FMD-8000-4M Repaired 
Sep 12 09:17:39.4195 d10dcaac-808c-43e7-b3bc-ecf599564b96 FMD-8000-6U Resolved 
Sep 12 10:21:35.5982 45d67503-62e7-4145-9c12-8499741ca5a2 NET-8000-2N Diagnosed 
Sep 12 10:31:35.6662 45d67503-62e7-4145-9c12-8499741ca5a2 FMD-8000-4M Repaired 
Sep 12 10:31:35.6707 45d67503-62e7-4145-9c12-8499741ca5a2 FMD-8000-6U Resolved 
